<?xml version="1.0" ?>
<coverage branch-rate="0.6" branches-covered="3" branches-valid="5" complexity="0" line-rate="0.8" lines-covered="16" lines-valid="20" timestamp="1620000000" version="5.5">
    <sources>
        <source>/path/to/source</source>
    </sources>
    <packages>
        <package branch-rate="0.5" complexity="0" line-rate="0.75" name="my_module">
            <classes>
                <class branch-rate="1.0" complexity="0" filename="my_module/main.py" line-rate="0.9" name="main.py">
                    <methods/>
                    <lines>
                        <line hits="1" number="1"/>
                        <line hits="1" number="2"/>
                        <line hits="0" number="3"/>
                        <line hits="1" number="4"/>
                    </lines>
                </class>
                <class branch-rate="0.0" complexity="0" filename="my_module/utils/healthcheck.py" line-rate="0.5" name="healthcheck.py">
                    <methods/>
                    <lines>
                        <line hits="1" number="5"/>
                        <line hits="0" number="6"/>
                        <line hits="1" number="7"/>
                        <line hits="0" number="8"/>
                    </lines>
                </class>
                 <class branch-rate="0.0" complexity="0" filename="my_module/another_healthcheck.py" line-rate="0.7" name="another_healthcheck.py">
                    <methods/>
                    <lines>
                        <line hits="1" number="10"/>
                        <line hits="1" number="11"/>
                        <line hits="0" number="12"/>
                        <line hits="1" number="13"/>
                        <line hits="1" number="14"/>
                    </lines>
                </class>
            </classes>
        </package>
        <package branch-rate="1.0" complexity="0" line-rate="1.0" name="another_module">
            <classes>
                <class branch-rate="1.0" complexity="0" filename="another_module/service.py" line-rate="1.0" name="service.py">
                    <methods/>
                    <lines>
                        <line hits="1" number="1"/>
                        <line hits="1" number="2"/>
                    </lines>
                </class>
            </classes>
        </package>
    </packages>
</coverage> 